5
0
5
Left Shoulder,0,0,0,1,0,0,0
Head,0,0,0,1,0,0,0
Right Shoulder,0,0,0,1,0,0,0
Left Arm,0,0,0,1,0,0,0
Right Arm,0,0,0,1,0,0,0
1
5
Left Shoulder,0,0,-0.5734623,0.8192319,0,0,290.016
Head,0,0,0,1,0,0,0
Right Shoulder,0,0,0.5734623,0.8192319,0,0,69.98403
Left Arm,0,0,0,1,0,0,0
Right Arm,0,0,0,1,0,0,0
2
5
Left Shoulder,0,0,-0.5734623,0.8192319,0,0,290.016
Head,-0.07395234,0.2865611,0,0.9552035,351.8781,33.57272,357.5462
Right Shoulder,0,0,0.5734623,0.8192319,0,0,69.98403
Left Arm,0,0,0,1,0,0,0
Right Arm,0,0,0,1,0,0,0
4
5
Left Shoulder,0,0,-0.5734623,0.8192319,0,0,290.016
Head,-0.06821591,-0.2866786,0,0.9555951,352.5088,326.4535,2.260835
Right Shoulder,0,0,0.5734623,0.8192319,0,0,69.98403
Left Arm,0,0,0,1,0,0,0
Right Arm,0,0,0,1,0,0,0
5
5
Left Shoulder,0,0,-0.06686699,0.9977618,0,0,352.3319
Head,-0.05207367,-0.00184846,0,0.9986416,354.0301,359.7873,0.01109028
Right Shoulder,-0.04993358,0,0.01271806,0.9986715,354.2761,359.9268,1.462898
Left Arm,0,0,0,1,0,0,0
Right Arm,0,0,0,1,0,0,0
