(type robot) (parts all)
3 1460846121.736626 0.0 -11.375 3.575 -74.75 17.875 -8.125 60.450001 -29.9
4 1460846121.836721 0.0 -11.375 3.575 -74.75 17.875 -8.125 60.450001 -29.9
5 1460846121.936865 0.0 -11.375 3.575 -74.75 17.875 -8.125 60.450001 -29.9
6 1460846122.036981 0.0 -11.375 3.575 -74.75 17.875 -8.125 60.450001 -29.9
7 1460846122.1371 0.0 -11.375 3.575 -74.75 17.875 -8.125 60.450001 -29.9
8 1460846122.237222 0.0 -11.375 3.575 -74.75 17.875 -8.125 60.450001 -29.9
9 1460846122.337338 0.0 -11.375 3.575 -74.75 17.875 -8.125 60.450001 -29.9
10 1460846122.437449 0.0 -11.375 3.575 -74.75 17.875 -8.125 60.450001 -29.9
11 1460846122.537555 0.0 -11.375 3.575 -74.75 17.875 -8.125 60.450001 -29.9
12 1460846122.637665 0.0 -11.375 3.575 -74.75 17.875 -8.125 60.450001 -29.9
13 1460846122.737759 0.0 -11.375 3.575 -74.75 17.875 -8.125 60.450001 -29.9
14 1460846122.837868 0.0 -11.375 3.575 -74.75 17.875 -8.125 60.450001 -29.9
15 1460846122.937976 0.0 -11.375 3.575 -74.75 17.875 -8.125 60.450001 -29.9
16 1460846123.038096 0.0 -11.375 3.575 -74.75 17.875 -8.125 60.450001 -29.9
17 1460846123.138206 0.0 -11.375 3.575 -74.75 17.875 -8.125 60.450001 -29.9
18 1460846123.238317 0.0 -11.375 3.575 -74.75 17.875 -8.125 60.450001 -29.9
19 1460846123.338433 0.0 -11.375 3.575 -74.75 17.875 -8.125 60.450001 -29.9
20 1460846123.438541 0.0 -11.375 3.575 -74.75 17.875 -8.125 60.450001 -29.9
21 1460846123.53865 0.0 -11.375 3.575 -74.75 17.875 -8.125 60.450001 -29.9
22 1460846123.638762 0.0 -11.375 3.575 -74.75 17.875 -8.125 60.450001 -29.9
23 1460846123.738872 0.0 -11.375 3.575 -74.75 17.875 -8.125 60.450001 -29.9
24 1460846123.838992 0.0 -11.375 3.575 -74.75 17.875 -8.125 60.450001 -29.9
25 1460846123.939102 0.0 -11.375 3.575 -74.75 17.875 -8.125 60.450001 -29.9
26 1460846124.039207 0.0 -11.375 3.9 -74.75 17.875 -8.125 60.450001 -29.9
27 1460846124.139376 0.0 -11.375 7.475 -74.75 17.875 -8.125 60.450001 -29.9
28 1460846124.239489 0.0 -11.375 14.625 -74.425003 17.875 -8.125 60.450001 -29.9
29 1460846124.339602 0.0 -11.375 23.4 -74.425003 17.875 -8.125 60.450001 -29.9
30 1460846124.439711 0.0 -11.375 33.474998 -74.75 17.875 -8.125 60.450001 -29.9
31 1460846124.539818 0.0 -11.375 45.174999 -74.75 17.875 -8.125 60.450001 -29.9
32 1460846124.639934 0.0 -11.375 58.5 -74.75 18.200001 -8.125 60.450001 -29.9
33 1460846124.740116 0.0 -11.375 74.099998 -74.75 18.200001 -8.125 60.450001 -29.9
34 1460846124.840229 0.0 -11.375 88.400002 -74.425003 18.200001 -8.125 60.450001 -29.9
35 1460846124.940334 0.0 -11.375 101.074997 -74.75 18.200001 -8.125 60.450001 -29.9
36 1460846125.040451 0.0 -11.375 113.75 -74.75 17.875 -8.125 60.450001 -29.9
37 1460846125.140564 0.0 -11.375 124.800003 -74.425003 17.875 -8.125 60.450001 -29.9
38 1460846125.24067 0.0 -11.375 135.524994 -74.425003 17.875 -8.125 60.450001 -29.9
39 1460846125.340776 0.0 -11.375 145.274994 -74.425003 17.875 -8.125 60.450001 -29.9
40 1460846125.440887 0.0 -11.375 151.449997 -74.425003 17.875 -8.125 60.450001 -29.9
41 1460846125.540988 0.0 -11.375 155.024994 -74.425003 17.875 -8.125 60.450001 -29.9
42 1460846125.641102 0.0 -11.375 156.324997 -74.425003 17.875 -8.125 60.450001 -29.9
43 1460846125.741214 0.0 -11.375 156.324997 -74.425003 17.875 -8.125 60.450001 -29.9
44 1460846125.841328 0.0 -11.375 156.324997 -74.425003 17.875 -8.125 60.450001 -29.9
45 1460846125.941441 0.0 -11.375 156.324997 -74.425003 17.875 -8.125 60.450001 -29.9
46 1460846126.04154 0.0 -11.375 156.324997 -74.425003 17.875 -8.125 60.450001 -29.9
47 1460846126.14165 0.0 -11.375 156.324997 -74.425003 17.875 -8.125 60.450001 -29.9
48 1460846126.241765 0.0 -11.375 156.324997 -74.425003 17.875 -8.125 60.450001 -29.9
49 1460846126.341871 0.0 -11.375 156.324997 -74.425003 17.875 -8.125 60.450001 -29.9
50 1460846126.441983 0.0 -11.375 156.324997 -74.425003 17.875 -8.125 60.450001 -29.9
51 1460846126.542093 0.0 -11.375 156.324997 -74.425003 17.875 -8.125 60.450001 -29.9
52 1460846126.642211 0.0 -11.375 156.324997 -74.099998 17.549999 -8.125 60.450001 -29.9
53 1460846126.742317 0.0 -11.375 156.0 -72.474998 17.549999 -8.125 60.450001 -29.9
54 1460846126.842416 0.0 -11.375 156.0 -65.0 17.549999 -8.125 60.450001 -29.9
55 1460846126.942529 0.0 -11.375 155.675003 -55.575001 17.549999 -8.125 60.450001 -29.9
56 1460846127.042647 0.0 -11.375 156.0 -46.150002 17.875 -8.125 60.450001 -29.9
57 1460846127.142748 0.0 -11.375 155.675003 -40.299999 17.875 -8.125 60.450001 -29.9
58 1460846127.242856 0.0 -11.375 156.0 -35.75 17.875 -8.125 60.450001 -29.9
59 1460846127.342972 0.0 -11.375 156.0 -33.799999 17.875 -8.125 60.450001 -29.9
60 1460846127.443089 0.0 -11.375 156.0 -35.099998 18.200001 -8.125 60.450001 -29.9
61 1460846127.543205 0.0 -11.375 156.0 -40.299999 18.200001 -8.125 60.450001 -29.9
62 1460846127.643316 0.0 -11.375 156.0 -49.075001 18.200001 -8.125 60.450001 -29.9
63 1460846127.743425 0.0 -11.375 156.0 -58.825001 18.200001 -8.125 60.450001 -29.9
64 1460846127.843538 0.0 -11.375 156.0 -66.625 18.200001 -8.125 60.450001 -29.9
65 1460846127.943652 0.0 -11.375 156.0 -72.474998 18.200001 -8.125 60.450001 -29.9
66 1460846128.043758 0.0 -11.375 156.0 -77.025002 18.200001 -8.125 60.450001 -29.9
67 1460846128.143871 0.0 -11.375 156.0 -78.974998 18.200001 -8.125 60.450001 -29.9
68 1460846128.244063 0.0 -11.375 156.0 -78.324997 17.549999 -8.125 60.450001 -29.9
69 1460846128.344099 0.0 -11.375 156.0 -73.449997 17.549999 -8.125 60.450001 -29.9
70 1460846128.444214 0.0 -11.375 156.0 -65.974998 17.549999 -8.125 60.450001 -29.9
71 1460846128.544319 0.0 -11.375 156.0 -57.849998 17.549999 -8.125 60.450001 -29.9
72 1460846128.644437 0.0 -11.375 156.0 -49.075001 17.549999 -8.125 60.450001 -29.9
73 1460846128.744548 0.0 -11.375 156.0 -40.950001 17.875 -8.125 60.450001 -29.9
74 1460846128.844653 0.0 -11.375 156.0 -36.400002 17.875 -8.125 60.450001 -29.9
75 1460846128.944766 0.0 -11.375 156.0 -35.424999 18.200001 -8.125 60.450001 -29.9
76 1460846129.044881 0.0 -11.375 156.0 -36.400002 18.200001 -8.125 60.450001 -29.9
77 1460846129.144996 0.0 -11.375 156.0 -41.599998 18.525 -8.125 60.450001 -29.9
78 1460846129.245111 0.0 -11.375 156.0 -50.375 18.525 -8.125 60.450001 -29.9
79 1460846129.345219 0.0 -11.375 156.0 -59.799999 18.525 -8.125 60.450001 -29.9
80 1460846129.445332 0.0 -11.375 156.0 -67.599998 18.525 -8.125 60.450001 -29.9
81 1460846129.545459 0.0 -11.375 156.0 -75.400002 18.525 -8.125 60.450001 -29.9
82 1460846129.645557 0.0 -11.375 156.0 -80.599998 18.525 -8.125 60.450001 -29.9
83 1460846129.745662 0.0 -11.375 156.0 -81.574997 18.525 -8.125 60.450001 -29.9
84 1460846129.845766 0.0 -11.375 156.0 -81.574997 18.525 -8.125 60.450001 -29.9
85 1460846129.945869 0.0 -11.375 156.0 -81.574997 18.525 -8.125 60.450001 -29.9
86 1460846130.045991 0.0 -11.375 156.0 -81.574997 18.525 -8.125 60.450001 -29.9
87 1460846130.146096 0.0 -11.375 156.0 -81.574997 18.525 -8.125 60.450001 -29.9
88 1460846130.246207 0.0 -11.375 156.0 -81.574997 18.525 -8.125 60.450001 -29.9
89 1460846130.34631 0.0 -11.375 156.0 -81.574997 18.525 -8.125 60.450001 -29.9
90 1460846130.446418 0.0 -11.375 155.675003 -81.574997 18.525 -8.125 60.450001 -29.9
91 1460846130.546528 0.0 -11.375 152.100006 -81.574997 18.525 -8.125 60.450001 -29.9
92 1460846130.646638 0.0 -11.375 145.600006 -81.574997 18.525 -8.125 60.450001 -29.9
93 1460846130.746751 0.0 -11.375 136.175003 -81.900002 18.525 -8.125 60.450001 -29.9
94 1460846130.846862 0.0 -11.375 125.125 -81.900002 18.525 -8.125 60.450001 -29.9
95 1460846130.946974 0.0 -11.375 114.724998 -81.900002 18.525 -8.125 60.450001 -29.9
96 1460846131.047086 0.0 -11.375 103.025002 -81.900002 18.525 -8.125 60.450001 -29.9
97 1460846131.147196 0.0 -11.375 91.0 -81.900002 18.525 -8.125 60.450001 -29.9
98 1460846131.247315 0.0 -11.375 79.949997 -81.900002 18.525 -8.125 60.450001 -29.9
99 1460846131.347416 0.0 -11.375 67.275002 -81.900002 18.525 -8.125 60.450001 -29.9
100 1460846131.447529 0.0 -11.375 54.275002 -81.574997 18.200001 -8.125 60.450001 -29.9
101 1460846131.547636 0.0 -11.375 42.575001 -81.574997 18.200001 -8.125 60.450001 -29.9
102 1460846131.647749 0.0 -11.375 31.85 -81.574997 18.200001 -8.125 60.450001 -29.9
103 1460846131.747862 0.0 -11.375 22.75 -81.574997 18.200001 -8.125 60.450001 -29.9
104 1460846131.847975 0.0 -11.375 15.275 -81.574997 18.200001 -8.125 60.450001 -29.9
105 1460846131.948093 0.0 -11.375 10.075 -81.574997 18.200001 -8.125 60.450001 -29.9
106 1460846132.048208 0.0 -11.375 7.15 -81.25 17.875 -8.125 60.450001 -29.9
107 1460846132.148322 0.0 -11.375 5.2 -78.650002 17.875 -8.125 60.450001 -29.9
108 1460846132.248426 0.0 -11.375 4.55 -75.400002 17.875 -8.125 60.450001 -29.9
109 1460846132.34853 0.0 -11.375 4.55 -74.425003 18.200001 -8.125 60.450001 -29.9
110 1460846132.448643 0.0 -11.375 4.875 -74.75 18.200001 -8.125 60.450001 -29.9
111 1460846132.548751 0.0 -11.375 4.875 -74.75 18.200001 -8.125 60.450001 -29.9
112 1460846132.648864 0.0 -11.375 4.875 -74.75 18.200001 -8.125 60.450001 -29.9
113 1460846132.748976 0.0 -11.375 4.875 -74.75 18.200001 -8.125 60.450001 -29.9
114 1460846132.849088 0.0 -11.375 4.875 -74.75 18.200001 -8.125 60.450001 -29.9
115 1460846132.94921 0.0 -11.375 4.875 -74.75 18.200001 -8.125 60.450001 -29.9
116 1460846133.049324 0.0 -11.375 4.875 -74.75 18.200001 -8.125 60.450001 -29.9
117 1460846133.149424 0.0 -11.375 4.875 -74.75 18.200001 -8.125 60.450001 -29.9
118 1460846133.249543 0.0 -11.375 4.875 -74.75 18.200001 -8.125 60.450001 -29.9
119 1460846133.349658 0.0 -11.375 4.875 -74.75 18.200001 -8.125 60.450001 -29.9
120 1460846133.449772 0.0 -11.375 4.875 -74.75 18.200001 -8.125 60.450001 -29.9
121 1460846133.549899 0.0 -11.375 4.875 -74.75 18.200001 -8.125 60.450001 -29.9
122 1460846133.650016 0.0 -11.375 4.875 -74.75 18.200001 -8.125 60.450001 -29.9
123 1460846133.750129 0.0 -11.375 4.875 -74.75 18.200001 -8.125 60.450001 -29.9
124 1460846133.850242 0.0 -11.375 4.875 -74.75 18.200001 -8.125 60.450001 -29.9
125 1460846133.950358 0.0 -11.375 4.875 -74.75 18.200001 -8.125 60.450001 -29.9
126 1460846134.050481 0.0 -11.375 4.875 -74.75 18.200001 -8.125 60.450001 -29.9
127 1460846134.150591 0.0 -11.375 4.875 -74.75 18.200001 -8.125 60.450001 -29.9
128 1460846134.250699 0.0 -11.375 4.875 -74.75 18.200001 -8.125 60.450001 -29.9
129 1460846134.350819 0.0 -11.375 4.875 -74.75 18.200001 -8.125 60.450001 -29.9
130 1460846134.450935 0.0 -11.375 4.875 -74.75 18.200001 -8.125 60.450001 -29.9
131 1460846134.551058 0.0 -11.375 4.875 -74.75 18.200001 -8.125 60.450001 -29.9
132 1460846134.651171 0.0 -11.375 4.875 -74.75 18.200001 -8.125 60.450001 -29.9
133 1460846134.751285 0.0 -11.375 4.875 -74.75 18.200001 -8.125 60.450001 -29.9
134 1460846134.851406 0.0 -11.375 4.875 -74.75 18.200001 -8.125 60.450001 -29.9
135 1460846134.951508 0.0 -11.375 4.875 -74.75 18.200001 -8.125 60.450001 -29.9
136 1460846135.051611 0.0 -11.375 4.875 -74.75 18.200001 -8.125 60.450001 -29.9
137 1460846135.151732 0.0 -11.375 4.875 -74.75 18.200001 -8.125 60.450001 -29.9
138 1460846135.251844 0.0 -11.375 4.875 -74.75 18.200001 -8.125 60.450001 -29.9
139 1460846135.351956 0.0 -11.375 4.55 -74.75 18.200001 -8.125 60.450001 -29.9
140 1460846135.452067 0.0 -11.375 4.875 -74.75 18.200001 -8.125 60.450001 -29.9
141 1460846135.552161 0.0 -11.375 4.875 -74.75 18.200001 -8.125 60.450001 -29.9
142 1460846135.652264 0.0 -11.375 4.875 -74.75 18.200001 -8.125 60.450001 -29.9
143 1460846135.752373 0.0 -11.375 4.875 -74.75 18.200001 -8.125 60.450001 -29.9
144 1460846135.852487 0.0 -11.375 4.875 -74.75 18.200001 -8.125 60.450001 -29.9
145 1460846135.9526 0.0 -11.375 4.875 -74.75 18.200001 -8.125 60.450001 -29.9
146 1460846136.052714 0.0 -11.375 4.875 -74.75 18.200001 -8.125 60.450001 -29.9
147 1460846136.152828 0.0 -11.375 4.875 -74.75 18.200001 -8.125 60.450001 -29.9
148 1460846136.252915 0.0 -11.375 4.875 -74.75 18.200001 -8.125 60.450001 -29.9
149 1460846136.35301 0.0 -11.375 4.875 -74.75 18.200001 -8.125 60.450001 -29.9
150 1460846136.453123 0.0 -11.375 4.875 -74.75 18.200001 -8.125 60.450001 -29.9
151 1460846136.553226 0.0 -11.375 4.875 -74.75 18.200001 -8.125 60.450001 -29.9
152 1460846136.653332 0.0 -11.375 4.875 -74.425003 18.200001 -8.125 60.450001 -29.9
153 1460846136.753436 0.0 -11.375 4.875 -74.75 18.200001 -8.125 60.450001 -29.9
154 1460846136.853546 0.0 -11.375 4.875 -74.75 18.200001 -8.125 60.450001 -29.9
155 1460846136.953661 0.0 -11.375 4.875 -74.75 18.200001 -8.125 60.450001 -29.9
156 1460846137.053771 0.0 -11.375 4.875 -74.75 18.200001 -8.125 60.450001 -29.9
157 1460846137.153892 0.0 -11.375 4.875 -74.75 18.200001 -8.125 60.450001 -29.9
158 1460846137.254007 0.0 -11.375 4.875 -74.75 18.200001 -8.125 60.450001 -29.9
159 1460846137.354117 0.0 -11.375 4.875 -74.75 18.200001 -8.125 60.450001 -29.9
160 1460846137.454222 0.0 -11.375 4.875 -74.425003 18.200001 -8.125 60.450001 -29.9
