5650 1450545318.237252 0.0 -14.625 4.55 -79.949997 6.5 -2.275 69.875 -11.05
5651 1450545318.436666 0.0 -14.625 4.55 -79.949997 6.5 -2.275 69.875 -11.05
5652 1450545318.637172 0.0 -14.625 4.55 -79.949997 6.5 -2.275 69.875 -11.05
5653 1450545318.837419 0.0 -14.625 4.55 -79.949997 6.5 -2.275 69.875 -11.05
5654 1450545319.037297 0.0 -14.625 4.55 -79.949997 6.5 -2.275 69.875 -11.05
5655 1450545319.237528 0.0 -14.625 4.55 -79.949997 6.5 -2.275 69.875 -11.05
5656 1450545319.437641 0.0 -14.625 4.55 -79.949997 6.5 -2.275 69.875 -11.05
5657 1450545319.637621 0.0 -14.625 4.55 -79.949997 6.5 -2.275 69.875 -11.05
5658 1450545319.836871 0.0 -14.625 4.55 -79.949997 6.5 -2.275 69.875 -11.05
5659 1450545320.037755 0.0 -14.625 4.55 -79.949997 6.5 -2.275 69.875 -11.05
5660 1450545320.237808 0.0 -14.625 4.55 -79.949997 6.5 -2.275 69.875 -11.05
5661 1450545320.438201 0.0 -14.625 4.875 -79.949997 6.5 -2.275 69.875 -11.05
5662 1450545320.638220 0.0 -14.625 4.875 -79.949997 6.5 -5.2 69.875 -11.05
5663 1450545320.838077 0.0 -14.625 9.1 -79.949997 6.5 -12.025 69.875 -11.05
5664 1450545321.038371 0.0 -14.625 16.25 -79.949997 6.5 -20.475 69.875 -11.05
5665 1450545321.238807 0.0 -14.625 24.049999 -79.949997 6.5 -29.575001 69.875 -11.05
5666 1450545321.438352 0.0 -14.625 34.775002 -79.949997 6.5 -40.625 69.875 -11.05
5667 1450545321.638240 0.0 -14.625 41.924999 -79.949997 6.5 -50.049999 69.875 -11.05
5668 1450545321.838625 0.0 -14.625 51.025002 -79.949997 6.5 -58.825001 69.875 -11.05
5669 1450545322.038424 0.0 -14.625 61.75 -79.949997 6.5 -67.925003 69.875 -11.05
5670 1450545322.238739 0.0 -14.625 71.5 -79.949997 6.5 -78.324997 69.875 -11.05
5671 1450545322.439220 0.0 -14.625 81.900002 -79.949997 6.5 -90.675003 69.875 -11.05
5672 1450545322.638727 0.0 -14.625 96.525002 -79.949997 6.5 -102.375 69.875 -11.05
5673 1450545322.839132 0.0 -14.625 106.599998 -79.949997 6.5 -109.525002 69.875 -11.05
5674 1450545323.039587 0.0 -14.625 109.525002 -79.949997 6.5 -114.074997 69.875 -11.05
5675 1450545323.239262 0.0 -14.625 109.525002 -79.949997 6.5 -113.75 69.875 -11.05
5676 1450545323.439732 0.0 -14.625 109.525002 -79.949997 6.5 -113.75 69.875 -11.05
5677 1450545323.639913 0.0 -14.625 109.525002 -79.949997 6.5 -113.75 69.875 -11.05
5678 1450545323.840427 0.0 -14.625 109.525002 -79.949997 6.5 -113.425003 69.875 -11.05
5679 1450545324.039970 0.0 -14.625 109.525002 -79.949997 6.5 -113.75 69.875 -11.05
5680 1450545324.240097 0.0 -14.625 109.525002 -79.949997 6.5 -113.425003 69.875 -11.05
5681 1450545324.440223 0.0 -14.625 109.525002 -79.949997 6.5 -113.425003 69.875 -11.05
5682 1450545324.640798 0.0 -14.625 109.849998 -79.949997 6.5 -113.75 69.875 -11.05
5683 1450545324.840571 0.0 -14.625 109.849998 -79.949997 6.5 -113.75 69.875 -11.05
5684 1450545325.040052 0.0 -14.625 109.849998 -79.949997 6.5 -113.75 69.875 -11.05
5685 1450545325.240359 0.0 -14.625 109.849998 -79.949997 6.5 -113.425003 69.875 -11.05
5686 1450545325.441183 0.0 -14.625 109.849998 -79.949997 6.5 -113.425003 69.875 -11.05
5687 1450545325.641089 0.0 -14.625 109.525002 -79.949997 6.5 -113.75 69.875 -11.05
5688 1450545325.841007 0.0 -14.625 109.525002 -80.275002 8.125 -113.75 69.875 -16.9
5689 1450545326.041489 0.0 -14.625 109.525002 -79.949997 21.450001 -113.75 69.875 -32.174999
5690 1450545326.241116 0.0 -14.625 109.849998 -79.949997 34.125 -113.425003 69.875 -49.075001
5691 1450545326.441402 0.0 -14.625 109.849998 -79.949997 49.724998 -113.425003 69.875 -59.474998
5692 1450545326.641165 0.0 -14.625 109.849998 -79.949997 63.700001 -113.425003 69.875 -64.675003
5693 1450545326.841600 0.0 -14.625 109.849998 -80.275002 71.824997 -113.425003 69.875 -70.849998
5694 1450545327.041847 0.0 -14.625 109.849998 -83.525002 71.824997 -113.425003 69.875 -76.050003
5695 1450545327.242393 0.0 -14.625 109.849998 -83.525002 71.824997 -113.425003 69.875 -76.050003
5696 1450545327.441867 0.0 -14.625 109.849998 -83.199997 71.824997 -113.425003 69.875 -76.050003
5697 1450545327.643184 0.0 -14.625 109.849998 -80.275002 71.824997 -113.75 69.550003 -76.050003
5698 1450545327.842199 0.0 -14.625 109.849998 -77.025002 71.5 -114.074997 69.224998 -68.900002
5699 1450545328.042437 0.0 -14.625 109.849998 -73.449997 65.974998 -117.650002 69.550003 -57.200001
5700 1450545328.242693 0.0 -14.625 110.175003 -73.125 52.650002 -118.949997 69.550003 -48.424999
5701 1450545328.442481 0.0 -14.625 110.175003 -73.125 46.474998 -118.625 68.25 -36.075001
5702 1450545328.643291 0.0 -14.625 110.175003 -73.125 36.075001 -118.625 66.300003 -22.424999
5703 1450545328.843034 0.0 -14.625 109.525002 -72.800003 23.725 -118.300003 63.700001 -15.275
5704 1450545329.042995 0.0 -14.625 109.199997 -73.125 22.1 -114.724998 63.375 -15.275
5705 1450545329.243752 0.0 -14.625 107.574997 -73.125 22.1 -112.775002 64.025002 -15.275
5706 1450545329.443454 0.0 -14.625 100.099998 -73.775002 22.1 -108.875 64.025002 -18.85
5707 1450545329.643562 0.0 -14.625 99.449997 -74.425003 23.075001 -107.900002 64.349998 -32.5
5708 1450545329.843575 0.0 -14.625 99.449997 -80.925003 29.25 -107.900002 64.349998 -48.75
5709 1450545330.043571 0.0 -14.625 99.775002 -83.849998 39.0 -107.900002 64.349998 -61.099998
5710 1450545330.243824 0.0 -14.625 99.775002 -83.849998 52.0 -107.900002 68.25 -65.324997
5711 1450545330.444167 0.0 -14.625 99.775002 -83.849998 59.150002 -107.900002 70.525002 -65.650002
5712 1450545330.644044 0.0 -14.625 99.775002 -84.175003 60.125 -107.900002 70.525002 -65.650002
5713 1450545330.843857 0.0 -14.625 99.775002 -83.525002 59.799999 -107.900002 70.525002 -65.0
5714 1450545331.044095 0.0 -14.625 99.775002 -73.449997 59.150002 -108.224998 70.525002 -61.099998
5715 1450545331.244079 0.0 -14.625 99.775002 -65.324997 59.150002 -111.474998 70.525002 -44.525002
5716 1450545331.444205 0.0 -14.625 100.425003 -56.875 53.299999 -111.800003 70.525002 -28.275
5717 1450545331.644492 0.0 -14.625 104.324997 -56.224998 45.174999 -111.800003 70.199997 -21.450001
5718 1450545331.844943 0.0 -14.625 104.324997 -56.224998 36.724998 -111.474998 70.199997 -8.775
5719 1450545332.044729 0.0 -14.625 104.324997 -48.099998 33.799999 -111.474998 70.525002 1.95
5720 1450545332.244747 0.0 -14.625 104.324997 -43.549999 33.799999 -111.474998 70.525002 1.95
5721 1450545332.445101 0.0 -14.625 104.324997 -43.549999 34.125 -111.474998 70.525002 1.625
5722 1450545332.645284 0.0 -14.625 104.324997 -45.825001 35.099998 -111.474998 70.525002 -2.925
5723 1450545332.845075 0.0 -14.625 104.324997 -60.450001 35.099998 -110.824997 70.525002 -22.424999
5724 1450545333.045518 0.0 -14.625 104.324997 -76.699997 35.099998 -110.175003 70.525002 -42.25
5725 1450545333.245750 0.0 -14.625 104.324997 -84.824997 38.349998 -110.175003 70.525002 -57.200001
5726 1450545333.445441 0.0 -14.625 104.650002 -84.5 46.474998 -107.900002 70.525002 -60.775002
5727 1450545333.645911 0.0 -14.625 104.650002 -84.5 47.125 -107.25 70.525002 -61.424999
5728 1450545333.846003 0.0 -14.625 104.650002 -84.5 50.700001 -107.25 70.525002 -61.424999
5729 1450545334.046041 0.0 -14.625 104.650002 -84.5 50.700001 -107.25 70.525002 -61.424999
5730 1450545334.245949 0.0 -14.625 104.650002 -84.5 50.700001 -107.25 70.525002 -61.424999
5731 1450545334.446244 0.0 -14.625 104.650002 -84.5 50.700001 -106.925003 70.525002 -61.424999
5732 1450545334.646198 0.0 -14.625 104.650002 -84.5 50.700001 -107.574997 70.525002 -61.424999
5733 1450545334.846418 0.0 -14.625 104.650002 -84.5 50.700001 -107.25 70.525002 -61.424999
5734 1450545335.047084 0.0 -14.625 104.650002 -84.5 50.700001 -107.25 70.525002 -61.099998
5735 1450545335.246792 0.0 -14.625 104.650002 -77.675003 50.375 -107.900002 67.275002 -57.525002
5736 1450545335.446807 0.0 -14.625 104.650002 -67.925003 47.775002 -112.449997 65.650002 -44.525002
5737 1450545335.646708 0.0 -14.625 106.925003 -67.275002 33.150002 -114.074997 65.974998 -30.549999
5738 1450545335.847164 0.0 -14.625 110.175003 -67.275002 23.075001 -114.074997 65.974998 -27.299999
5739 1450545336.047594 0.0 -14.625 110.175003 -67.275002 23.075001 -113.75 65.974998 -27.299999
5740 1450545336.247646 0.0 -14.625 110.175003 -67.599998 23.075001 -113.75 65.650002 -27.299999
5741 1450545336.448071 0.0 -14.625 110.175003 -67.275002 23.075001 -113.75 65.324997 -27.299999
5742 1450545336.647546 0.0 -14.625 110.175003 -62.400002 23.075001 -114.074997 54.924999 -26.975
5743 1450545336.848094 0.0 -14.625 110.175003 -46.799999 23.075001 -114.074997 36.724998 -27.299999
5744 1450545337.048470 0.0 -14.625 110.175003 -33.150002 23.075001 -114.074997 20.475 -27.299999
5745 1450545337.248374 0.0 -14.625 110.175003 -19.5 23.075001 -114.074997 2.275 -27.299999
5746 1450545337.448203 0.0 -14.625 110.175003 -9.425 23.075001 -114.074997 -13.325 -27.299999
5747 1450545337.648718 0.0 -14.625 110.175003 -0.65 23.075001 -113.75 -23.075001 -27.299999
5748 1450545337.848510 0.0 -14.625 110.175003 7.8 23.075001 -113.75 -28.924999 -27.299999
5749 1450545338.048476 0.0 -14.625 110.175003 13.0 23.075001 -113.75 -29.25 -27.299999
5750 1450545338.248710 0.0 -14.625 110.175003 14.3 23.075001 -113.75 -29.25 -27.299999
5751 1450545338.448895 0.0 -14.625 110.175003 13.975 23.075001 -113.75 -29.25 -27.299999
5752 1450545338.649109 0.0 -14.625 110.175003 13.65 23.075001 -113.75 -29.25 -27.625
5753 1450545338.849190 0.0 -14.625 110.175003 13.65 23.075001 -114.074997 -29.25 -27.950001
5754 1450545339.049061 0.0 -14.625 110.5 10.725 23.075001 -117.0 -28.924999 -27.950001
5755 1450545339.249290 0.0 -14.625 110.824997 6.825 23.075001 -137.149994 -28.924999 -27.950001
5756 1450545339.449497 0.0 -14.625 120.574997 2.925 23.075001 -154.699997 -28.6 -27.950001
5757 1450545339.649390 0.0 -14.625 132.274994 -2.6 23.075001 -162.824997 -27.950001 -28.275
5758 1450545339.849614 0.0 -14.625 141.699997 -5.525 23.4 -166.399994 -20.799999 -28.275
5759 1450545340.050073 0.0 -14.625 142.350006 -11.7 29.575001 -166.399994 -10.075 -30.225
5760 1450545340.249650 0.0 -14.625 142.675003 -21.450001 47.125 -166.399994 0.975 -50.049999
5761 1450545340.449981 0.0 -14.625 142.675003 -24.049999 53.625 -166.399994 1.95 -66.949997
5762 1450545340.649994 0.0 -14.625 142.675003 -32.5 59.799999 -166.399994 7.8 -67.275002
5763 1450545340.850467 0.0 -14.625 142.675003 -39.0 61.424999 -160.225006 20.15 -67.275002
5764 1450545341.050350 0.0 -14.625 142.675003 -46.799999 63.700001 -155.024994 33.150002 -67.275002
5765 1450545341.249916 0.0 -14.625 142.675003 -51.349998 72.150002 -151.125 37.049999 -67.275002
5766 1450545341.450376 0.0 -14.625 146.574997 -51.025002 72.150002 -150.149994 39.325001 -67.275002
5767 1450545341.650744 0.0 -14.625 146.899994 -50.700001 72.150002 -150.149994 39.325001 -67.275002
5768 1450545341.850504 0.0 -14.625 147.225006 -46.799999 72.150002 -149.824997 39.325001 -67.275002
5769 1450545342.051129 0.0 -14.625 147.225006 -39.325001 72.150002 -149.824997 39.0 -66.625
5770 1450545342.251301 0.0 -14.625 147.225006 -26.325001 72.150002 -150.149994 27.299999 -66.625
5771 1450545342.451114 0.0 -14.625 147.225006 -11.375 71.824997 -150.149994 4.875 -66.625
5772 1450545342.651017 0.0 -14.625 147.225006 3.575 70.199997 -150.149994 -13.325 -66.625
5773 1450545342.851458 0.0 -14.625 147.225006 11.05 65.974998 -150.149994 -18.85 -66.625
5774 1450545343.051128 0.0 -14.625 147.225006 11.05 65.974998 -150.475006 -18.85 -67.275002
5775 1450545343.251397 0.0 -14.625 147.225006 -0.65 66.300003 -150.475006 -8.45 -67.275002
5776 1450545343.451608 0.0 -14.625 147.225006 -18.525 66.300003 -150.475006 10.075 -67.275002
5777 1450545343.651845 0.0 -14.625 147.225006 -33.150002 66.300003 -150.475006 26.0 -67.275002
5778 1450545343.852034 0.0 -14.625 147.225006 -40.299999 66.300003 -150.149994 37.375 -67.275002
5779 1450545344.051767 0.0 -14.625 147.225006 -45.174999 66.300003 -150.149994 40.299999 -67.275002
5780 1450545344.252055 0.0 -14.625 147.225006 -49.075001 66.300003 -150.149994 40.625 -67.275002
5781 1450545344.452107 0.0 -14.625 147.225006 -50.049999 66.300003 -150.149994 40.299999 -67.275002
5782 1450545344.652346 0.0 -14.625 147.225006 -46.799999 65.974998 -150.149994 39.974998 -66.949997
5783 1450545344.852495 0.0 -14.625 147.225006 -33.799999 65.974998 -150.149994 36.400002 -66.949997
5784 1450545345.052720 0.0 -14.625 147.225006 -21.125 65.974998 -150.149994 19.174999 -66.949997
5785 1450545345.252332 0.0 -14.625 147.225006 -9.75 66.300003 -150.149994 0.0 -66.949997
5786 1450545345.453069 0.0 -14.625 147.225006 0.325 65.974998 -150.149994 -13.65 -66.949997
5787 1450545345.652740 0.0 -14.625 147.225006 11.05 65.974998 -150.149994 -18.85 -66.949997
5788 1450545345.853300 0.0 -14.625 147.225006 14.95 66.300003 -150.149994 -18.85 -66.949997
5789 1450545346.053116 0.0 -14.625 147.225006 15.275 65.974998 -150.149994 -19.174999 -66.949997
5790 1450545346.253897 0.0 -14.625 147.225006 14.3 66.300003 -150.149994 -18.525 -67.275002
5791 1450545346.453698 0.0 -14.625 147.225006 5.2 66.300003 -150.149994 -12.35 -67.275002
5792 1450545346.654056 0.0 -14.625 147.225006 -10.4 66.300003 -150.149994 3.25 -67.275002
5793 1450545346.853836 0.0 -14.625 147.225006 -22.1 66.300003 -150.149994 16.575001 -67.275002
5794 1450545347.054070 0.0 -14.625 147.225006 -36.400002 66.300003 -150.149994 29.9 -67.275002
5795 1450545347.253510 0.0 -14.625 147.225006 -43.549999 66.300003 -150.149994 39.325001 -67.275002
5796 1450545347.453878 0.0 -14.625 147.225006 -45.5 66.300003 -149.824997 42.25 -67.275002
5797 1450545347.654313 0.0 -14.625 147.225006 -53.299999 66.300003 -149.824997 42.575001 -67.275002
5798 1450545347.854544 0.0 -14.625 147.225006 -55.25 66.300003 -149.824997 42.575001 -67.275002
5799 1450545348.054352 0.0 -14.625 147.225006 -55.575001 66.300003 -149.824997 42.575001 -67.275002
5800 1450545348.257326 0.0 -14.625 147.225006 -54.599998 66.300003 -149.824997 42.25 -67.275002
5801 1450545348.454958 0.0 -14.625 147.225006 -49.075001 66.300003 -149.824997 40.950001 -66.949997
5802 1450545348.655242 0.0 -14.625 147.225006 -36.400002 66.300003 -150.149994 32.174999 -66.949997
5803 1450545348.854445 0.0 -14.625 147.225006 -26.325001 66.300003 -150.149994 13.0 -66.949997
5804 1450545349.054959 0.0 -14.625 147.225006 -14.625 66.300003 -149.824997 -2.275 -66.949997
5805 1450545349.254507 0.0 -14.625 147.225006 -11.05 66.300003 -149.824997 -4.55 -66.949997
5806 1450545349.455407 0.0 -14.625 147.225006 -11.05 66.300003 -149.824997 -4.55 -66.949997
5807 1450545349.655341 0.0 -14.625 146.899994 -11.7 66.300003 -149.824997 -3.25 -67.275002
5808 1450545349.855883 0.0 -14.625 146.25 -11.7 66.300003 -147.225006 2.6 -67.275002
5809 1450545349.980142 0.0 -14.625 146.25 -11.7 66.300003 -147.225006 2.6 -67.275002
5810 1450545350.256238 0.0 -14.3 143.324997 -23.725 66.625 -144.949997 11.05 -67.275002
5811 1450545350.456456 0.0 -14.3 140.074997 -32.174999 66.625 -143.975006 13.975 -67.275002
5812 1450545350.656026 0.0 -14.3 132.600006 -36.075001 66.625 -137.475006 15.6 -67.275002
5813 1450545350.856254 0.0 -14.3 122.199997 -36.400002 66.625 -129.350006 15.6 -67.275002
5814 1450545351.056598 0.0 -14.3 107.574997 -36.400002 66.625 -114.724998 15.6 -67.275002
5815 1450545351.256488 0.0 -14.3 88.724998 -36.075001 66.625 -97.824997 15.6 -67.275002
5816 1450545351.456618 0.0 -14.3 69.224998 -36.075001 66.625 -82.224998 15.6 -67.275002
5817 1450545351.656319 0.0 -14.3 55.900002 -36.075001 66.625 -69.875 15.6 -67.275002
5818 1450545351.857214 0.0 -14.3 44.200001 -36.075001 66.625 -56.875 15.6 -67.275002
5819 1450545351.981167 0.0 -14.3 44.200001 -36.075001 66.625 -56.875 15.6 -67.275002
5820 1450545352.181314 0.0 -14.3 33.474998 -36.075001 66.625 -42.900002 15.6 -67.275002
5821 1450545352.381556 0.0 -14.3 22.424999 -36.075001 66.625 -29.25 15.6 -66.949997
5822 1450545352.581699 0.0 -14.3 12.675 -35.75 66.300003 -18.200001 15.6 -66.949997
5823 1450545352.781842 0.0 -14.3 5.525 -35.424999 66.300003 -12.025 15.6 -66.949997
5824 1450545352.981975 0.0 -14.3 3.9 -36.075001 66.300003 -10.4 15.6 -66.949997
5825 1450545353.182050 0.0 -14.3 3.575 -33.474998 66.300003 -8.45 14.95 -66.949997
5826 1450545353.382190 0.0 -14.3 2.6 -24.700001 66.300003 -8.45 14.625 -66.949997
5827 1450545353.582262 0.0 -14.3 2.275 -17.875 66.300003 -8.45 10.4 -66.625
5828 1450545353.857775 0.0 -14.3 2.275 -16.9 66.300003 -8.775 2.275 -66.625
5829 1450545354.058015 0.0 -14.3 2.275 -15.925 66.300003 -8.775 2.275 -66.625
5830 1450545354.257919 0.0 -14.625 2.275 -15.925 66.300003 -8.775 2.275 -66.625
5831 1450545354.458704 0.0 -14.3 2.275 -16.25 66.300003 -9.1 2.275 -66.625
5832 1450545354.658723 0.0 -14.625 2.275 -16.25 66.300003 -8.775 2.275 -66.625
5833 1450545354.858192 0.0 -14.625 2.275 -16.25 66.300003 -9.1 2.6 -66.625
5834 1450545355.058761 0.0 -14.625 2.275 -16.575001 66.300003 -8.775 2.6 -66.625
5835 1450545355.258325 0.0 -14.625 2.275 -16.9 66.300003 -9.1 2.6 -66.625
5836 1450545355.458975 0.0 -14.3 2.275 -16.9 66.300003 -9.1 2.6 -66.625
5837 1450545355.659311 0.0 -14.3 2.275 -16.9 66.300003 -9.1 2.6 -66.625
5838 1450545355.858589 0.0 -14.625 2.275 -16.9 66.300003 -9.1 2.6 -66.625
5839 1450545356.059383 0.0 -14.625 2.275 -16.9 66.300003 -9.1 2.6 -66.625
5840 1450545356.259372 0.0 -14.625 2.275 -16.9 66.300003 -8.775 2.6 -66.625
5841 1450545356.459409 0.0 -14.625 2.275 -16.9 66.300003 -9.1 2.6 -66.625
5842 1450545356.659654 0.0 -14.625 2.275 -18.200001 66.300003 -9.1 3.25 -66.949997
5843 1450545356.859418 0.0 -14.625 2.275 -29.25 66.300003 -9.425 11.05 -66.949997
5844 1450545357.059889 0.0 -14.3 2.275 -37.375 66.300003 -9.425 24.700001 -66.625
5845 1450545357.260220 0.0 -14.3 2.275 -38.025002 65.974998 -9.425 28.924999 -66.625
5846 1450545357.460352 0.0 -14.3 2.275 -39.325001 65.974998 -8.775 32.825001 -66.625
5847 1450545357.660127 0.0 -14.3 2.275 -48.424999 65.974998 -8.775 37.375 -66.625
5848 1450545357.860061 0.0 -14.3 2.275 -55.900002 65.974998 -8.775 43.875 -67.275002
5849 1450545358.060726 0.0 -14.625 2.275 -56.549999 65.974998 -8.775 50.375 -67.275002
5850 1450545358.266734 0.0 -14.625 2.275 -56.549999 65.974998 -8.775 53.299999 -67.275002
5851 1450545358.460498 0.0 -14.625 2.275 -56.875 65.974998 -8.775 53.625 -67.275002
5852 1450545358.660954 0.0 -14.625 2.275 -61.75 65.974998 -8.775 53.950001 -67.275002
5853 1450545358.861098 0.0 -14.3 2.275 -62.400002 65.974998 -8.775 53.625 -67.275002
5854 1450545359.061194 0.0 -14.3 2.275 -62.400002 65.974998 -8.775 53.625 -67.275002
5855 1450545359.261321 0.0 -14.3 2.275 -62.400002 65.974998 -8.775 53.625 -67.275002
5856 1450545359.461066 0.0 -14.625 2.275 -62.400002 65.974998 -8.775 53.625 -67.275002
5857 1450545359.661094 0.0 -14.625 2.275 -62.400002 65.974998 -8.775 53.625 -67.275002
5858 1450545359.861802 0.0 -14.625 2.275 -62.400002 65.974998 -8.775 53.950001 -67.275002
5859 1450545360.063790 0.0 -14.625 2.275 -62.075001 65.974998 -8.775 53.950001 -67.275002
5860 1450545360.261849 0.0 -14.625 2.275 -62.075001 65.974998 -8.775 53.950001 -67.275002
5861 1450545360.461979 0.0 -14.625 2.275 -61.75 65.974998 -8.775 53.950001 -66.949997
5862 1450545360.662969 0.0 -14.625 2.275 -61.75 65.974998 -8.775 53.625 -66.949997
5863 1450545360.862116 0.0 -14.625 2.275 -60.775002 65.974998 -8.775 53.625 -66.949997
5864 1450545361.062660 0.0 -14.3 2.275 -57.849998 65.974998 -8.775 53.625 -66.949997
5865 1450545361.263161 0.0 -14.625 2.275 -57.849998 65.974998 -8.775 53.625 -66.949997
5866 1450545361.462631 0.0 -14.625 2.275 -58.174999 65.974998 -8.775 53.625 -66.949997
5867 1450545361.662934 0.0 -14.625 2.275 -58.174999 65.974998 -8.775 53.625 -66.949997
5868 1450545361.864042 0.0 -14.625 2.275 -58.174999 65.974998 -8.775 53.625 -66.949997
5869 1450545362.062617 0.0 -14.625 2.275 -58.174999 65.974998 -8.775 53.625 -66.949997
5870 1450545362.263194 0.0 -14.625 2.275 -58.174999 65.974998 -8.775 53.625 -66.949997
5871 1450545362.465094 0.0 -14.3 2.275 -58.174999 65.974998 -8.775 53.625 -66.949997
5872 1450545362.662830 0.0 -14.625 2.275 -58.174999 65.974998 -8.775 53.625 -66.949997
5873 1450545362.863917 0.0 -14.625 2.275 -58.174999 65.974998 -8.775 53.625 -66.949997
5874 1450545363.064139 0.0 -14.625 2.275 -58.174999 65.974998 -8.775 53.625 -66.949997
5875 1450545363.263922 0.0 -14.625 2.275 -58.174999 65.974998 -8.775 53.625 -66.949997
5876 1450545363.463713 0.0 -14.625 2.275 -58.174999 65.974998 -8.775 53.625 -66.949997
5877 1450545363.667106 0.0 -14.3 2.275 -58.174999 65.974998 -8.775 53.625 -66.949997
5878 1450545363.863939 0.0 -14.625 2.275 -58.174999 65.974998 -8.775 53.625 -66.949997
5879 1450545364.063897 0.0 -14.625 2.275 -58.174999 65.974998 -8.775 53.625 -66.949997
5880 1450545364.264733 0.0 -14.625 2.275 -58.174999 65.974998 -8.775 53.625 -66.949997
5881 1450545364.464545 0.0 -14.625 2.275 -58.174999 65.974998 -8.775 53.625 -66.949997
5882 1450545364.664450 0.0 -14.3 2.275 -58.174999 65.974998 -8.775 53.625 -66.949997
5883 1450545364.864280 0.0 -14.625 2.275 -58.174999 65.974998 -8.775 53.625 -66.949997
5884 1450545365.064918 0.0 -14.625 2.275 -58.174999 65.974998 -8.775 53.625 -66.949997
5885 1450545365.264607 0.0 -14.625 2.275 -58.174999 65.974998 -8.775 53.625 -66.949997
